<?xml version="1.0" encoding="UTF-8"?>
<!-- Generated by org.testng.reporters.JUnitReportReporter -->
<testsuite hostname="Mpumis-MacBook-Air.local" failures="0" tests="5" name="API.webService" time="6.238" errors="0" timestamp="2021-04-01T10:27:30 SAST" skipped="0">
  <testcase classname="API.webService" name="GetWeatherDetails" time="3.984"/>
  <system-out/>
  <testcase classname="API.webService" name="GetWeatherHeaders" time="0.524"/>
  <system-out/>
  <testcase classname="API.webService" name="GetWeatherStatusLine" time="0.492"/>
  <system-out/>
  <testcase classname="API.webService" name="GetWeatherDetailsInvaliCity" time="0.745"/>
  <system-out/>
  <testcase classname="API.webService" name="IteratingOverHeaders" time="0.493"/>
  <system-out/>
</testsuite> <!-- API.webService -->
